<?xml version="1.0" encoding="UTF-8"?>
<testsuite xmlns:xsi="http://www.w3.org/2001/XMLSchema-instance" xsi:noNamespaceSchemaLocation="https://maven.apache.org/surefire/maven-surefire-plugin/xsd/surefire-test-report.xsd" version="3.0.1" name="TestSuite" time="2.95" tests="1" errors="0" skipped="0" failures="0">
  <properties>
    <property name="gopherProxySet" value="false"/>
    <property name="awt.toolkit" value="sun.lwawt.macosx.LWCToolkit"/>
    <property name="java.specification.version" value="11"/>
    <property name="sun.cpu.isalist" value=""/>
    <property name="sun.jnu.encoding" value="UTF-8"/>
    <property name="java.class.path" value="/Users/mars_1/IdeaProjects/RestAPIAutomationFramework/target/test-classes:/Users/mars_1/IdeaProjects/RestAPIAutomationFramework/target/classes:/Users/mars_1/.m2/repository/io/rest-assured/rest-assured/5.3.0/rest-assured-5.3.0.jar:/Users/mars_1/.m2/repository/org/apache/groovy/groovy/4.0.6/groovy-4.0.6.jar:/Users/mars_1/.m2/repository/org/apache/groovy/groovy-xml/4.0.6/groovy-xml-4.0.6.jar:/Users/mars_1/.m2/repository/org/apache/httpcomponents/httpclient/4.5.13/httpclient-4.5.13.jar:/Users/mars_1/.m2/repository/org/apache/httpcomponents/httpcore/4.4.13/httpcore-4.4.13.jar:/Users/mars_1/.m2/repository/commons-logging/commons-logging/1.2/commons-logging-1.2.jar:/Users/mars_1/.m2/repository/commons-codec/commons-codec/1.11/commons-codec-1.11.jar:/Users/mars_1/.m2/repository/org/apache/httpcomponents/httpmime/4.5.13/httpmime-4.5.13.jar:/Users/mars_1/.m2/repository/org/hamcrest/hamcrest/2.1/hamcrest-2.1.jar:/Users/mars_1/.m2/repository/org/ccil/cowan/tagsoup/tagsoup/1.2.1/tagsoup-1.2.1.jar:/Users/mars_1/.m2/repository/io/rest-assured/json-path/5.3.0/json-path-5.3.0.jar:/Users/mars_1/.m2/repository/org/apache/groovy/groovy-json/4.0.6/groovy-json-4.0.6.jar:/Users/mars_1/.m2/repository/io/rest-assured/rest-assured-common/5.3.0/rest-assured-common-5.3.0.jar:/Users/mars_1/.m2/repository/io/rest-assured/xml-path/5.3.0/xml-path-5.3.0.jar:/Users/mars_1/.m2/repository/org/testng/testng/7.7.0/testng-7.7.0.jar:/Users/mars_1/.m2/repository/org/slf4j/slf4j-api/1.7.36/slf4j-api-1.7.36.jar:/Users/mars_1/.m2/repository/com/beust/jcommander/1.82/jcommander-1.82.jar:/Users/mars_1/.m2/repository/org/webjars/jquery/3.6.1/jquery-3.6.1.jar:/Users/mars_1/.m2/repository/com/fasterxml/jackson/core/jackson-databind/2.14.1/jackson-databind-2.14.1.jar:/Users/mars_1/.m2/repository/com/fasterxml/jackson/core/jackson-annotations/2.14.1/jackson-annotations-2.14.1.jar:/Users/mars_1/.m2/repository/com/fasterxml/jackson/core/jackson-core/2.14.1/jackson-core-2.14.1.jar:/Users/mars_1/.m2/repository/com/google/code/gson/gson/2.10/gson-2.10.jar:/Users/mars_1/.m2/repository/com/aventstack/extentreports/5.0.9/extentreports-5.0.9.jar:/Users/mars_1/.m2/repository/io/reactivex/rxjava3/rxjava/3.0.4/rxjava-3.0.4.jar:/Users/mars_1/.m2/repository/org/reactivestreams/reactive-streams/1.0.3/reactive-streams-1.0.3.jar:/Users/mars_1/.m2/repository/org/freemarker/freemarker/2.3.30/freemarker-2.3.30.jar:/Users/mars_1/.m2/repository/com/github/javafaker/javafaker/1.0.2/javafaker-1.0.2.jar:/Users/mars_1/.m2/repository/org/yaml/snakeyaml/1.23/snakeyaml-1.23-android.jar:/Users/mars_1/.m2/repository/com/github/mifmif/generex/1.0.2/generex-1.0.2.jar:/Users/mars_1/.m2/repository/dk/brics/automaton/automaton/1.11-8/automaton-1.11-8.jar:/Users/mars_1/.m2/repository/org/projectlombok/lombok/1.18.24/lombok-1.18.24.jar:/Users/mars_1/.m2/repository/org/apache/commons/commons-lang3/3.12.0/commons-lang3-3.12.0.jar:"/>
    <property name="java.vm.vendor" value="Oracle Corporation"/>
    <property name="sun.arch.data.model" value="64"/>
    <property name="java.vendor.url" value="https://openjdk.java.net/"/>
    <property name="user.timezone" value="America/Los_Angeles"/>
    <property name="java.vm.specification.version" value="11"/>
    <property name="os.name" value="Mac OS X"/>
    <property name="sun.java.launcher" value="SUN_STANDARD"/>
    <property name="user.country" value="US"/>
    <property name="sun.boot.library.path" value="/Library/Java/JavaVirtualMachines/jdk-11.jdk/Contents/Home/lib"/>
    <property name="sun.java.command" value="/Users/mars_1/IdeaProjects/RestAPIAutomationFramework/target/surefire/surefirebooter-20240619115330096_3.jar /Users/mars_1/IdeaProjects/RestAPIAutomationFramework/target/surefire 2024-06-19T11-53-29_970-jvmRun1 surefire-20240619115330096_1tmp surefire_0-20240619115330096_2tmp"/>
    <property name="jdk.debug" value="release"/>
    <property name="surefire.test.class.path" value="/Users/mars_1/IdeaProjects/RestAPIAutomationFramework/target/test-classes:/Users/mars_1/IdeaProjects/RestAPIAutomationFramework/target/classes:/Users/mars_1/.m2/repository/io/rest-assured/rest-assured/5.3.0/rest-assured-5.3.0.jar:/Users/mars_1/.m2/repository/org/apache/groovy/groovy/4.0.6/groovy-4.0.6.jar:/Users/mars_1/.m2/repository/org/apache/groovy/groovy-xml/4.0.6/groovy-xml-4.0.6.jar:/Users/mars_1/.m2/repository/org/apache/httpcomponents/httpclient/4.5.13/httpclient-4.5.13.jar:/Users/mars_1/.m2/repository/org/apache/httpcomponents/httpcore/4.4.13/httpcore-4.4.13.jar:/Users/mars_1/.m2/repository/commons-logging/commons-logging/1.2/commons-logging-1.2.jar:/Users/mars_1/.m2/repository/commons-codec/commons-codec/1.11/commons-codec-1.11.jar:/Users/mars_1/.m2/repository/org/apache/httpcomponents/httpmime/4.5.13/httpmime-4.5.13.jar:/Users/mars_1/.m2/repository/org/hamcrest/hamcrest/2.1/hamcrest-2.1.jar:/Users/mars_1/.m2/repository/org/ccil/cowan/tagsoup/tagsoup/1.2.1/tagsoup-1.2.1.jar:/Users/mars_1/.m2/repository/io/rest-assured/json-path/5.3.0/json-path-5.3.0.jar:/Users/mars_1/.m2/repository/org/apache/groovy/groovy-json/4.0.6/groovy-json-4.0.6.jar:/Users/mars_1/.m2/repository/io/rest-assured/rest-assured-common/5.3.0/rest-assured-common-5.3.0.jar:/Users/mars_1/.m2/repository/io/rest-assured/xml-path/5.3.0/xml-path-5.3.0.jar:/Users/mars_1/.m2/repository/org/testng/testng/7.7.0/testng-7.7.0.jar:/Users/mars_1/.m2/repository/org/slf4j/slf4j-api/1.7.36/slf4j-api-1.7.36.jar:/Users/mars_1/.m2/repository/com/beust/jcommander/1.82/jcommander-1.82.jar:/Users/mars_1/.m2/repository/org/webjars/jquery/3.6.1/jquery-3.6.1.jar:/Users/mars_1/.m2/repository/com/fasterxml/jackson/core/jackson-databind/2.14.1/jackson-databind-2.14.1.jar:/Users/mars_1/.m2/repository/com/fasterxml/jackson/core/jackson-annotations/2.14.1/jackson-annotations-2.14.1.jar:/Users/mars_1/.m2/repository/com/fasterxml/jackson/core/jackson-core/2.14.1/jackson-core-2.14.1.jar:/Users/mars_1/.m2/repository/com/google/code/gson/gson/2.10/gson-2.10.jar:/Users/mars_1/.m2/repository/com/aventstack/extentreports/5.0.9/extentreports-5.0.9.jar:/Users/mars_1/.m2/repository/io/reactivex/rxjava3/rxjava/3.0.4/rxjava-3.0.4.jar:/Users/mars_1/.m2/repository/org/reactivestreams/reactive-streams/1.0.3/reactive-streams-1.0.3.jar:/Users/mars_1/.m2/repository/org/freemarker/freemarker/2.3.30/freemarker-2.3.30.jar:/Users/mars_1/.m2/repository/com/github/javafaker/javafaker/1.0.2/javafaker-1.0.2.jar:/Users/mars_1/.m2/repository/org/yaml/snakeyaml/1.23/snakeyaml-1.23-android.jar:/Users/mars_1/.m2/repository/com/github/mifmif/generex/1.0.2/generex-1.0.2.jar:/Users/mars_1/.m2/repository/dk/brics/automaton/automaton/1.11-8/automaton-1.11-8.jar:/Users/mars_1/.m2/repository/org/projectlombok/lombok/1.18.24/lombok-1.18.24.jar:/Users/mars_1/.m2/repository/org/apache/commons/commons-lang3/3.12.0/commons-lang3-3.12.0.jar:"/>
    <property name="sun.cpu.endian" value="little"/>
    <property name="user.home" value="/Users/mars_1"/>
    <property name="user.language" value="en"/>
    <property name="java.specification.vendor" value="Oracle Corporation"/>
    <property name="java.version.date" value="2024-01-16"/>
    <property name="java.home" value="/Library/Java/JavaVirtualMachines/jdk-11.jdk/Contents/Home"/>
    <property name="file.separator" value="/"/>
    <property name="basedir" value="/Users/mars_1/IdeaProjects/RestAPIAutomationFramework"/>
    <property name="java.vm.compressedOopsMode" value="Zero based"/>
    <property name="line.separator" value="&#10;"/>
    <property name="java.specification.name" value="Java Platform API Specification"/>
    <property name="java.vm.specification.vendor" value="Oracle Corporation"/>
    <property name="java.awt.graphicsenv" value="sun.awt.CGraphicsEnvironment"/>
    <property name="surefire.real.class.path" value="/Users/mars_1/IdeaProjects/RestAPIAutomationFramework/target/surefire/surefirebooter-20240619115330096_3.jar"/>
    <property name="sun.management.compiler" value="HotSpot 64-Bit Tiered Compilers"/>
    <property name="java.runtime.version" value="11.0.22+9-LTS-219"/>
    <property name="user.name" value="mars_1"/>
    <property name="path.separator" value=":"/>
    <property name="os.version" value="12.7.4"/>
    <property name="java.runtime.name" value="Java(TM) SE Runtime Environment"/>
    <property name="file.encoding" value="UTF-8"/>
    <property name="java.vm.name" value="Java HotSpot(TM) 64-Bit Server VM"/>
    <property name="java.vendor.version" value="18.9"/>
    <property name="localRepository" value="/Users/mars_1/.m2/repository"/>
    <property name="java.vendor.url.bug" value="https://bugreport.java.com/bugreport/"/>
    <property name="java.io.tmpdir" value="/var/folders/zg/n8v4rqmd14v9bp9_sdd9fqp80000gn/T/"/>
    <property name="idea.version" value="2021.2"/>
    <property name="java.version" value="11.0.22"/>
    <property name="user.dir" value="/Users/mars_1/IdeaProjects/RestAPIAutomationFramework"/>
    <property name="os.arch" value="x86_64"/>
    <property name="java.vm.specification.name" value="Java Virtual Machine Specification"/>
    <property name="java.awt.printerjob" value="sun.lwawt.macosx.CPrinterJob"/>
    <property name="env" value="Prod"/>
    <property name="sun.os.patch.level" value="unknown"/>
    <property name="java.library.path" value="/Users/mars_1/Library/Java/Extensions:/Library/Java/Extensions:/Network/Library/Java/Extensions:/System/Library/Java/Extensions:/usr/lib/java:."/>
    <property name="java.vendor" value="Oracle Corporation"/>
    <property name="java.vm.info" value="mixed mode"/>
    <property name="java.vm.version" value="11.0.22+9-LTS-219"/>
    <property name="java.specification.maintenance.version" value="2"/>
    <property name="sun.io.unicode.encoding" value="UnicodeBig"/>
    <property name="java.class.version" value="55.0"/>
  </properties>
  <testcase name="createAirline" classname="Airlines.AirlineTest" time="2.202">
    <system-out><![CDATA[Request method:	POST
Request URI:	https://api.instantwebtools.net/v1/airlines
Proxy:			<none>
Request params:	<none>
Query params:	<none>
Form params:	<none>
Path params:	<none>
Headers:		Accept=*/*
				Content-Type=application/json
Cookies:		<none>
Multiparts:		<none>
Body:
{
    "established": "1990",
    "country": "Sri Lanka",
    "website": "www.srilankaaairways.com",
    "name": "Sri Lankan Airways",
    "head_quaters": "Katunayake, Sri Lanka",
    "logo": "https://upload.wikimedia.org/wikipedia/en/thumb/9/9b/Qatar_Airways_Logo.svg/sri_lanka.png",
    "_id": "252d3bca-d9bb-476c-9a97-562d685e235c",
    "slogan": "From Sri Lanka"
}
HTTP/1.1 200 OK
Server: nginx/1.24.0 (Ubuntu)
Date: Wed, 19 Jun 2024 18:53:33 GMT
Content-Type: application/json; charset=utf-8
Content-Length: 326
Connection: keep-alive
X-Powered-By: Express
Access-Control-Allow-Origin: *
ETag: W/"146-6RIwD5z6mRMPAkUVxsLq7L3dgVo"

{
    "_id": "e0d9cdbd-54b1-4aed-a43f-5c73124b824a",
    "name": "Sri Lankan Airways",
    "country": "Sri Lanka",
    "logo": "https://upload.wikimedia.org/wikipedia/en/thumb/9/9b/Qatar_Airways_Logo.svg/sri_lanka.png",
    "slogan": "From Sri Lanka",
    "head_quaters": "Katunayake, Sri Lanka",
    "website": "www.srilankaaairways.com",
    "established": "1990",
    "__v": 0
}
]]></system-out>
    <system-err><![CDATA[SLF4J: Failed to load class "org.slf4j.impl.StaticLoggerBinder".
SLF4J: Defaulting to no-operation (NOP) logger implementation
SLF4J: See http://www.slf4j.org/codes.html#StaticLoggerBinder for further details.
]]></system-err>
  </testcase>
</testsuite>