<?xml version="1.0" encoding="UTF-8"?>
<!-- Generated by org.testng.reporters.JUnitReportReporter -->
<testsuite hostname="Marios-MacBook-Pro.local" failures="0" tests="1" name="Airlines.AirlineTest" time="2.198" errors="0" timestamp="2024-06-19T11:53:33 PDT" skipped="0">
  <testcase classname="Airlines.AirlineTest" name="createAirline" time="2.198"/>
  <system-out/>
</testsuite> <!-- Airlines.AirlineTest -->
